Base path: C:/Program Files (x86)/Unity/Editor/Data
Pipe name: \\.\pipe\UnityShaderCompiler-1-1176
Cmd: getPlatforms
Cmd: preprocess
  insize=810 outsize=810 ok=1
Cmd: preprocess
  insize=810 outsize=810 ok=1
Cmd: preprocess
  insize=810 outsize=810 ok=1
Cmd: preprocess
  insize=810 outsize=810 ok=1
Cmd: preprocess
  insize=810 outsize=810 ok=1
Cmd: preprocess
  insize=810 outsize=810 ok=1
Cmd: preprocess
  insize=810 outsize=810 ok=1
Cmd: preprocess
  insize=810 outsize=810 ok=1
Cmd: preprocess
  insize=810 outsize=810 ok=1
Cmd: preprocess
  insize=810 outsize=810 ok=1
