Base path: C:/Program Files (x86)/Unity/Editor/Data
Pipe name: \\.\pipe\UnityShaderCompiler-1-5892
Cmd: getPlatforms
Cmd: preprocess
  insize=772 outsize=772 ok=1
Cmd: preprocess
  insize=683 outsize=683 ok=1
Cmd: preprocess
  insize=838 outsize=838 ok=1
Cmd: preprocess
  insize=2390 outsize=838 ok=1
Cmd: preprocess
  insize=763 outsize=763 ok=1
Cmd: preprocess
  insize=810 outsize=810 ok=1
Cmd: preprocess
  insize=810 outsize=810 ok=1
Cmd: preprocess
  insize=1189 outsize=403 ok=1
Cmd: preprocess
  insize=1153 outsize=392 ok=1
Cmd: preprocess
  insize=627 outsize=627 ok=1
Cmd: preprocess
  insize=818 outsize=818 ok=1
