Base path: C:/Program Files (x86)/Unity/Editor/Data
Pipe name: \\.\pipe\UnityShaderCompiler-1-7080
Cmd: getPlatforms
Cmd: preprocess
  insize=804 outsize=804 ok=1
Cmd: preprocess
  insize=708 outsize=708 ok=1
Cmd: preprocess
  insize=883 outsize=883 ok=1
Cmd: preprocess
  insize=2519 outsize=884 ok=1
Cmd: preprocess
  insize=792 outsize=792 ok=1
Cmd: preprocess
  insize=842 outsize=842 ok=1
Cmd: preprocess
  insize=842 outsize=842 ok=1
Cmd: preprocess
  insize=1246 outsize=422 ok=1
Cmd: preprocess
  insize=1207 outsize=411 ok=1
Cmd: preprocess
  insize=649 outsize=649 ok=1
Cmd: preprocess
  insize=851 outsize=851 ok=1
